This is pdfTeX, Version 3.14159265-2.6-1.40.16 (TeX Live 2015/Debian) (preloaded format=pdflatex 2017.5.28)  15 AUG 2017 03:16
entering extended mode
 restricted \write18 enabled.
 %&-line parsing enabled.
**Draft.tex
(./Draft.tex
LaTeX2e <2016/02/01>
Babel <3.9q> and hyphenation patterns for 3 language(s) loaded.
(/usr/share/texlive/texmf-dist/tex/latex/base/book.cls
Document Class: book 2014/09/29 v1.4h Standard LaTeX document class
(/usr/share/texlive/texmf-dist/tex/latex/base/bk12.clo
File: bk12.clo 2014/09/29 v1.4h Standard LaTeX file (size option)
)
\c@part=\count79
\c@chapter=\count80
\c@section=\count81
\c@subsection=\count82
\c@subsubsection=\count83
\c@paragraph=\count84
\c@subparagraph=\count85
\c@figure=\count86
\c@table=\count87
\abovecaptionskip=\skip41
\belowcaptionskip=\skip42
\bibindent=\dimen102
)
(/usr/share/texlive/texmf-dist/tex/latex/base/inputenc.sty
Package: inputenc 2015/03/17 v1.2c Input encoding file
\inpenc@prehook=\toks14
\inpenc@posthook=\toks15

(/usr/share/texlive/texmf-dist/tex/latex/base/utf8.def
File: utf8.def 2015/12/03 v1.1r UTF-8 support for inputenc
Now handling font encoding OML ...
... no UTF-8 mapping file for font encoding OML
Now handling font encoding T1 ...
... processing UTF-8 mapping file for font encoding T1

(/usr/share/texlive/texmf-dist/tex/latex/base/t1enc.dfu
File: t1enc.dfu 2015/12/03 v1.1r UTF-8 support for inputenc
   defining Unicode char U+00A0 (decimal 160)
   defining Unicode char U+00A1 (decimal 161)
   defining Unicode char U+00A3 (decimal 163)
   defining Unicode char U+00AB (decimal 171)
   defining Unicode char U+00AD (decimal 173)
   defining Unicode char U+00BB (decimal 187)
   defining Unicode char U+00BF (decimal 191)
   defining Unicode char U+00C0 (decimal 192)
   defining Unicode char U+00C1 (decimal 193)
   defining Unicode char U+00C2 (decimal 194)
   defining Unicode char U+00C3 (decimal 195)
   defining Unicode char U+00C4 (decimal 196)
   defining Unicode char U+00C5 (decimal 197)
   defining Unicode char U+00C6 (decimal 198)
   defining Unicode char U+00C7 (decimal 199)
   defining Unicode char U+00C8 (decimal 200)
   defining Unicode char U+00C9 (decimal 201)
   defining Unicode char U+00CA (decimal 202)
   defining Unicode char U+00CB (decimal 203)
   defining Unicode char U+00CC (decimal 204)
   defining Unicode char U+00CD (decimal 205)
   defining Unicode char U+00CE (decimal 206)
   defining Unicode char U+00CF (decimal 207)
   defining Unicode char U+00D0 (decimal 208)
   defining Unicode char U+00D1 (decimal 209)
   defining Unicode char U+00D2 (decimal 210)
   defining Unicode char U+00D3 (decimal 211)
   defining Unicode char U+00D4 (decimal 212)
   defining Unicode char U+00D5 (decimal 213)
   defining Unicode char U+00D6 (decimal 214)
   defining Unicode char U+00D8 (decimal 216)
   defining Unicode char U+00D9 (decimal 217)
   defining Unicode char U+00DA (decimal 218)
   defining Unicode char U+00DB (decimal 219)
   defining Unicode char U+00DC (decimal 220)
   defining Unicode char U+00DD (decimal 221)
   defining Unicode char U+00DE (decimal 222)
   defining Unicode char U+00DF (decimal 223)
   defining Unicode char U+00E0 (decimal 224)
   defining Unicode char U+00E1 (decimal 225)
   defining Unicode char U+00E2 (decimal 226)
   defining Unicode char U+00E3 (decimal 227)
   defining Unicode char U+00E4 (decimal 228)
   defining Unicode char U+00E5 (decimal 229)
   defining Unicode char U+00E6 (decimal 230)
   defining Unicode char U+00E7 (decimal 231)
   defining Unicode char U+00E8 (decimal 232)
   defining Unicode char U+00E9 (decimal 233)
   defining Unicode char U+00EA (decimal 234)
   defining Unicode char U+00EB (decimal 235)
   defining Unicode char U+00EC (decimal 236)
   defining Unicode char U+00ED (decimal 237)
   defining Unicode char U+00EE (decimal 238)
   defining Unicode char U+00EF (decimal 239)
   defining Unicode char U+00F0 (decimal 240)
   defining Unicode char U+00F1 (decimal 241)
   defining Unicode char U+00F2 (decimal 242)
   defining Unicode char U+00F3 (decimal 243)
   defining Unicode char U+00F4 (decimal 244)
   defining Unicode char U+00F5 (decimal 245)
   defining Unicode char U+00F6 (decimal 246)
   defining Unicode char U+00F8 (decimal 248)
   defining Unicode char U+00F9 (decimal 249)
   defining Unicode char U+00FA (decimal 250)
   defining Unicode char U+00FB (decimal 251)
   defining Unicode char U+00FC (decimal 252)
   defining Unicode char U+00FD (decimal 253)
   defining Unicode char U+00FE (decimal 254)
   defining Unicode char U+00FF (decimal 255)
   defining Unicode char U+0100 (decimal 256)
   defining Unicode char U+0101 (decimal 257)
   defining Unicode char U+0102 (decimal 258)
   defining Unicode char U+0103 (decimal 259)
   defining Unicode char U+0104 (decimal 260)
   defining Unicode char U+0105 (decimal 261)
   defining Unicode char U+0106 (decimal 262)
   defining Unicode char U+0107 (decimal 263)
   defining Unicode char U+0108 (decimal 264)
   defining Unicode char U+0109 (decimal 265)
   defining Unicode char U+010A (decimal 266)
   defining Unicode char U+010B (decimal 267)
   defining Unicode char U+010C (decimal 268)
   defining Unicode char U+010D (decimal 269)
   defining Unicode char U+010E (decimal 270)
   defining Unicode char U+010F (decimal 271)
   defining Unicode char U+0110 (decimal 272)
   defining Unicode char U+0111 (decimal 273)
   defining Unicode char U+0112 (decimal 274)
   defining Unicode char U+0113 (decimal 275)
   defining Unicode char U+0114 (decimal 276)
   defining Unicode char U+0115 (decimal 277)
   defining Unicode char U+0116 (decimal 278)
   defining Unicode char U+0117 (decimal 279)
   defining Unicode char U+0118 (decimal 280)
   defining Unicode char U+0119 (decimal 281)
   defining Unicode char U+011A (decimal 282)
   defining Unicode char U+011B (decimal 283)
   defining Unicode char U+011C (decimal 284)
   defining Unicode char U+011D (decimal 285)
   defining Unicode char U+011E (decimal 286)
   defining Unicode char U+011F (decimal 287)
   defining Unicode char U+0120 (decimal 288)
   defining Unicode char U+0121 (decimal 289)
   defining Unicode char U+0122 (decimal 290)
   defining Unicode char U+0123 (decimal 291)
   defining Unicode char U+0124 (decimal 292)
   defining Unicode char U+0125 (decimal 293)
   defining Unicode char U+0128 (decimal 296)
   defining Unicode char U+0129 (decimal 297)
   defining Unicode char U+012A (decimal 298)
   defining Unicode char U+012B (decimal 299)
   defining Unicode char U+012C (decimal 300)
   defining Unicode char U+012D (decimal 301)
   defining Unicode char U+012E (decimal 302)
   defining Unicode char U+012F (decimal 303)
   defining Unicode char U+0130 (decimal 304)
   defining Unicode char U+0131 (decimal 305)
   defining Unicode char U+0132 (decimal 306)
   defining Unicode char U+0133 (decimal 307)
   defining Unicode char U+0134 (decimal 308)
   defining Unicode char U+0135 (decimal 309)
   defining Unicode char U+0136 (decimal 310)
   defining Unicode char U+0137 (decimal 311)
   defining Unicode char U+0139 (decimal 313)
   defining Unicode char U+013A (decimal 314)
   defining Unicode char U+013B (decimal 315)
   defining Unicode char U+013C (decimal 316)
   defining Unicode char U+013D (decimal 317)
   defining Unicode char U+013E (decimal 318)
   defining Unicode char U+0141 (decimal 321)
   defining Unicode char U+0142 (decimal 322)
   defining Unicode char U+0143 (decimal 323)
   defining Unicode char U+0144 (decimal 324)
   defining Unicode char U+0145 (decimal 325)
   defining Unicode char U+0146 (decimal 326)
   defining Unicode char U+0147 (decimal 327)
   defining Unicode char U+0148 (decimal 328)
   defining Unicode char U+014A (decimal 330)
   defining Unicode char U+014B (decimal 331)
   defining Unicode char U+014C (decimal 332)
   defining Unicode char U+014D (decimal 333)
   defining Unicode char U+014E (decimal 334)
   defining Unicode char U+014F (decimal 335)
   defining Unicode char U+0150 (decimal 336)
   defining Unicode char U+0151 (decimal 337)
   defining Unicode char U+0152 (decimal 338)
   defining Unicode char U+0153 (decimal 339)
   defining Unicode char U+0154 (decimal 340)
   defining Unicode char U+0155 (decimal 341)
   defining Unicode char U+0156 (decimal 342)
   defining Unicode char U+0157 (decimal 343)
   defining Unicode char U+0158 (decimal 344)
   defining Unicode char U+0159 (decimal 345)
   defining Unicode char U+015A (decimal 346)
   defining Unicode char U+015B (decimal 347)
   defining Unicode char U+015C (decimal 348)
   defining Unicode char U+015D (decimal 349)
   defining Unicode char U+015E (decimal 350)
   defining Unicode char U+015F (decimal 351)
   defining Unicode char U+0160 (decimal 352)
   defining Unicode char U+0161 (decimal 353)
   defining Unicode char U+0162 (decimal 354)
   defining Unicode char U+0163 (decimal 355)
   defining Unicode char U+0164 (decimal 356)
   defining Unicode char U+0165 (decimal 357)
   defining Unicode char U+0168 (decimal 360)
   defining Unicode char U+0169 (decimal 361)
   defining Unicode char U+016A (decimal 362)
   defining Unicode char U+016B (decimal 363)
   defining Unicode char U+016C (decimal 364)
   defining Unicode char U+016D (decimal 365)
   defining Unicode char U+016E (decimal 366)
   defining Unicode char U+016F (decimal 367)
   defining Unicode char U+0170 (decimal 368)
   defining Unicode char U+0171 (decimal 369)
   defining Unicode char U+0172 (decimal 370)
   defining Unicode char U+0173 (decimal 371)
   defining Unicode char U+0174 (decimal 372)
   defining Unicode char U+0175 (decimal 373)
   defining Unicode char U+0176 (decimal 374)
   defining Unicode char U+0177 (decimal 375)
   defining Unicode char U+0178 (decimal 376)
   defining Unicode char U+0179 (decimal 377)
   defining Unicode char U+017A (decimal 378)
   defining Unicode char U+017B (decimal 379)
   defining Unicode char U+017C (decimal 380)
   defining Unicode char U+017D (decimal 381)
   defining Unicode char U+017E (decimal 382)
   defining Unicode char U+01CD (decimal 461)
   defining Unicode char U+01CE (decimal 462)
   defining Unicode char U+01CF (decimal 463)
   defining Unicode char U+01D0 (decimal 464)
   defining Unicode char U+01D1 (decimal 465)
   defining Unicode char U+01D2 (decimal 466)
   defining Unicode char U+01D3 (decimal 467)
   defining Unicode char U+01D4 (decimal 468)
   defining Unicode char U+01E2 (decimal 482)
   defining Unicode char U+01E3 (decimal 483)
   defining Unicode char U+01E6 (decimal 486)
   defining Unicode char U+01E7 (decimal 487)
   defining Unicode char U+01E8 (decimal 488)
   defining Unicode char U+01E9 (decimal 489)
   defining Unicode char U+01EA (decimal 490)
   defining Unicode char U+01EB (decimal 491)
   defining Unicode char U+01F0 (decimal 496)
   defining Unicode char U+01F4 (decimal 500)
   defining Unicode char U+01F5 (decimal 501)
   defining Unicode char U+0218 (decimal 536)
   defining Unicode char U+0219 (decimal 537)
   defining Unicode char U+021A (decimal 538)
   defining Unicode char U+021B (decimal 539)
   defining Unicode char U+01E02 (decimal 7682)
   defining Unicode char U+01E03 (decimal 7683)
   defining Unicode char U+200C (decimal 8204)
   defining Unicode char U+2013 (decimal 8211)
   defining Unicode char U+2014 (decimal 8212)
   defining Unicode char U+2018 (decimal 8216)
   defining Unicode char U+2019 (decimal 8217)
   defining Unicode char U+201A (decimal 8218)
   defining Unicode char U+201C (decimal 8220)
   defining Unicode char U+201D (decimal 8221)
   defining Unicode char U+201E (decimal 8222)
   defining Unicode char U+2030 (decimal 8240)
   defining Unicode char U+2031 (decimal 8241)
   defining Unicode char U+2039 (decimal 8249)
   defining Unicode char U+203A (decimal 8250)
   defining Unicode char U+2423 (decimal 9251)
)
Now handling font encoding OT1 ...
... processing UTF-8 mapping file for font encoding OT1

(/usr/share/texlive/texmf-dist/tex/latex/base/ot1enc.dfu
File: ot1enc.dfu 2015/12/03 v1.1r UTF-8 support for inputenc
   defining Unicode char U+00A0 (decimal 160)
   defining Unicode char U+00A1 (decimal 161)
   defining Unicode char U+00A3 (decimal 163)
   defining Unicode char U+00AD (decimal 173)
   defining Unicode char U+00B8 (decimal 184)
   defining Unicode char U+00BF (decimal 191)
   defining Unicode char U+00C5 (decimal 197)
   defining Unicode char U+00C6 (decimal 198)
   defining Unicode char U+00D8 (decimal 216)
   defining Unicode char U+00DF (decimal 223)
   defining Unicode char U+00E6 (decimal 230)
   defining Unicode char U+00EC (decimal 236)
   defining Unicode char U+00ED (decimal 237)
   defining Unicode char U+00EE (decimal 238)
   defining Unicode char U+00EF (decimal 239)
   defining Unicode char U+00F8 (decimal 248)
   defining Unicode char U+0131 (decimal 305)
   defining Unicode char U+0141 (decimal 321)
   defining Unicode char U+0142 (decimal 322)
   defining Unicode char U+0152 (decimal 338)
   defining Unicode char U+0153 (decimal 339)
   defining Unicode char U+0174 (decimal 372)
   defining Unicode char U+0175 (decimal 373)
   defining Unicode char U+0176 (decimal 374)
   defining Unicode char U+0177 (decimal 375)
   defining Unicode char U+0218 (decimal 536)
   defining Unicode char U+0219 (decimal 537)
   defining Unicode char U+021A (decimal 538)
   defining Unicode char U+021B (decimal 539)
   defining Unicode char U+2013 (decimal 8211)
   defining Unicode char U+2014 (decimal 8212)
   defining Unicode char U+2018 (decimal 8216)
   defining Unicode char U+2019 (decimal 8217)
   defining Unicode char U+201C (decimal 8220)
   defining Unicode char U+201D (decimal 8221)
)
Now handling font encoding OMS ...
... processing UTF-8 mapping file for font encoding OMS

(/usr/share/texlive/texmf-dist/tex/latex/base/omsenc.dfu
File: omsenc.dfu 2015/12/03 v1.1r UTF-8 support for inputenc
   defining Unicode char U+00A7 (decimal 167)
   defining Unicode char U+00B6 (decimal 182)
   defining Unicode char U+00B7 (decimal 183)
   defining Unicode char U+2020 (decimal 8224)
   defining Unicode char U+2021 (decimal 8225)
   defining Unicode char U+2022 (decimal 8226)
)
Now handling font encoding OMX ...
... no UTF-8 mapping file for font encoding OMX
Now handling font encoding U ...
... no UTF-8 mapping file for font encoding U
   defining Unicode char U+00A9 (decimal 169)
   defining Unicode char U+00AA (decimal 170)
   defining Unicode char U+00AE (decimal 174)
   defining Unicode char U+00BA (decimal 186)
   defining Unicode char U+02C6 (decimal 710)
   defining Unicode char U+02DC (decimal 732)
   defining Unicode char U+200C (decimal 8204)
   defining Unicode char U+2026 (decimal 8230)
   defining Unicode char U+2122 (decimal 8482)
   defining Unicode char U+2423 (decimal 9251)
))
(./cranfieldthesis.sty
Package: cranfieldthesis 2014/08/05 Daniel Auger's unofficial Cranfield thesis 
.sty file

cranfieldthesis.sty - unofficial Cranfield thesis style file.
 This file was prepared by Daniel Auger to help students wanting to use LaTeX.
 It does not have `official' endorsement, but it will probably be fine.
 The author is not able to offer support individual users, but if you are
 using LaTeX, you will probably not run into any problems you can't fix
 yourself.
(/usr/share/texlive/texmf-dist/tex/latex/geometry/geometry.sty
Package: geometry 2010/09/12 v5.6 Page Geometry

(/usr/share/texlive/texmf-dist/tex/latex/graphics/keyval.sty
Package: keyval 2014/10/28 v1.15 key=value parser (DPC)
\KV@toks@=\toks16
)
(/usr/share/texlive/texmf-dist/tex/generic/oberdiek/ifpdf.sty
Package: ifpdf 2011/01/30 v2.3 Provides the ifpdf switch (HO)
Package ifpdf Info: pdfTeX in PDF mode is detected.
)
(/usr/share/texlive/texmf-dist/tex/generic/oberdiek/ifvtex.sty
Package: ifvtex 2010/03/01 v1.5 Detect VTeX and its facilities (HO)
Package ifvtex Info: VTeX not detected.
)
(/usr/share/texlive/texmf-dist/tex/generic/ifxetex/ifxetex.sty
Package: ifxetex 2010/09/12 v0.6 Provides ifxetex conditional
)
\Gm@cnth=\count88
\Gm@cntv=\count89
\c@Gm@tempcnt=\count90
\Gm@bindingoffset=\dimen103
\Gm@wd@mp=\dimen104
\Gm@odd@mp=\dimen105
\Gm@even@mp=\dimen106
\Gm@layoutwidth=\dimen107
\Gm@layoutheight=\dimen108
\Gm@layouthoffset=\dimen109
\Gm@layoutvoffset=\dimen110
\Gm@dimlist=\toks17
)
(/usr/share/texlive/texmf-dist/tex/latex/tools/calc.sty
Package: calc 2014/10/28 v4.3 Infix arithmetic (KKT,FJ)
\calc@Acount=\count91
\calc@Bcount=\count92
\calc@Adimen=\dimen111
\calc@Bdimen=\dimen112
\calc@Askip=\skip43
\calc@Bskip=\skip44
LaTeX Info: Redefining \setlength on input line 80.
LaTeX Info: Redefining \addtolength on input line 81.
\calc@Ccount=\count93
\calc@Cskip=\skip45
)
(/usr/share/texlive/texmf-dist/tex/latex/psnfss/mathptmx.sty
Package: mathptmx 2005/04/12 PSNFSS-v9.2a Times w/ Math, improved (SPQR, WaS) 
LaTeX Font Info:    Redeclaring symbol font `operators' on input line 28.
LaTeX Font Info:    Overwriting symbol font `operators' in version `normal'
(Font)                  OT1/cmr/m/n --> OT1/ztmcm/m/n on input line 28.
LaTeX Font Info:    Overwriting symbol font `operators' in version `bold'
(Font)                  OT1/cmr/bx/n --> OT1/ztmcm/m/n on input line 28.
LaTeX Font Info:    Redeclaring symbol font `letters' on input line 29.
LaTeX Font Info:    Overwriting symbol font `letters' in version `normal'
(Font)                  OML/cmm/m/it --> OML/ztmcm/m/it on input line 29.
LaTeX Font Info:    Overwriting symbol font `letters' in version `bold'
(Font)                  OML/cmm/b/it --> OML/ztmcm/m/it on input line 29.
LaTeX Font Info:    Redeclaring symbol font `symbols' on input line 30.
LaTeX Font Info:    Overwriting symbol font `symbols' in version `normal'
(Font)                  OMS/cmsy/m/n --> OMS/ztmcm/m/n on input line 30.
LaTeX Font Info:    Overwriting symbol font `symbols' in version `bold'
(Font)                  OMS/cmsy/b/n --> OMS/ztmcm/m/n on input line 30.
LaTeX Font Info:    Redeclaring symbol font `largesymbols' on input line 31.
LaTeX Font Info:    Overwriting symbol font `largesymbols' in version `normal'
(Font)                  OMX/cmex/m/n --> OMX/ztmcm/m/n on input line 31.
LaTeX Font Info:    Overwriting symbol font `largesymbols' in version `bold'
(Font)                  OMX/cmex/m/n --> OMX/ztmcm/m/n on input line 31.
\symbold=\mathgroup4
\symitalic=\mathgroup5
LaTeX Font Info:    Redeclaring math alphabet \mathbf on input line 34.
LaTeX Font Info:    Overwriting math alphabet `\mathbf' in version `normal'
(Font)                  OT1/cmr/bx/n --> OT1/ptm/bx/n on input line 34.
LaTeX Font Info:    Overwriting math alphabet `\mathbf' in version `bold'
(Font)                  OT1/cmr/bx/n --> OT1/ptm/bx/n on input line 34.
LaTeX Font Info:    Redeclaring math alphabet \mathit on input line 35.
LaTeX Font Info:    Overwriting math alphabet `\mathit' in version `normal'
(Font)                  OT1/cmr/m/it --> OT1/ptm/m/it on input line 35.
LaTeX Font Info:    Overwriting math alphabet `\mathit' in version `bold'
(Font)                  OT1/cmr/bx/it --> OT1/ptm/m/it on input line 35.
LaTeX Info: Redefining \hbar on input line 50.
)
(/usr/share/texlive/texmf-dist/tex/latex/setspace/setspace.sty
Package: setspace 2011/12/19 v6.7a set line spacing
)
(/usr/share/texlive/texmf-dist/tex/latex/psnfss/helvet.sty
Package: helvet 2005/04/12 PSNFSS-v9.2a (WaS) 
))
(/usr/share/texlive/texmf-dist/tex/latex/xcolor/xcolor.sty
Package: xcolor 2007/01/21 v2.11 LaTeX color extensions (UK)

(/usr/share/texlive/texmf-dist/tex/latex/latexconfig/color.cfg
File: color.cfg 2007/01/18 v1.5 color configuration of teTeX/TeXLive
)
Package xcolor Info: Driver file: pdftex.def on input line 225.

(/usr/share/texlive/texmf-dist/tex/latex/pdftex-def/pdftex.def
File: pdftex.def 2011/05/27 v0.06d Graphics/color for pdfTeX

(/usr/share/texlive/texmf-dist/tex/generic/oberdiek/infwarerr.sty
Package: infwarerr 2010/04/08 v1.3 Providing info/warning/error messages (HO)
)
(/usr/share/texlive/texmf-dist/tex/generic/oberdiek/ltxcmds.sty
Package: ltxcmds 2011/11/09 v1.22 LaTeX kernel commands for general use (HO)
)
\Gread@gobject=\count94
)
Package xcolor Info: Model `cmy' substituted by `cmy0' on input line 1337.
Package xcolor Info: Model `hsb' substituted by `rgb' on input line 1341.
Package xcolor Info: Model `RGB' extended on input line 1353.
Package xcolor Info: Model `HTML' substituted by `rgb' on input line 1355.
Package xcolor Info: Model `Hsb' substituted by `hsb' on input line 1356.
Package xcolor Info: Model `tHsb' substituted by `hsb' on input line 1357.
Package xcolor Info: Model `HSB' substituted by `hsb' on input line 1358.
Package xcolor Info: Model `Gray' substituted by `gray' on input line 1359.
Package xcolor Info: Model `wave' substituted by `hsb' on input line 1360.
)
(/usr/share/texlive/texmf-dist/tex/latex/graphics/graphicx.sty
Package: graphicx 2014/10/28 v1.0g Enhanced LaTeX Graphics (DPC,SPQR)

(/usr/share/texlive/texmf-dist/tex/latex/graphics/graphics.sty
Package: graphics 2016/01/03 v1.0q Standard LaTeX Graphics (DPC,SPQR)

(/usr/share/texlive/texmf-dist/tex/latex/graphics/trig.sty
Package: trig 2016/01/03 v1.10 sin cos tan (DPC)
)
(/usr/share/texlive/texmf-dist/tex/latex/latexconfig/graphics.cfg
File: graphics.cfg 2010/04/23 v1.9 graphics configuration of TeX Live
)
Package graphics Info: Driver file: pdftex.def on input line 95.
)
\Gin@req@height=\dimen113
\Gin@req@width=\dimen114
)
(/usr/share/texlive/texmf-dist/tex/latex/float/float.sty
Package: float 2001/11/08 v1.3d Float enhancements (AL)
\c@float@type=\count95
\float@exts=\toks18
\float@box=\box26
\@float@everytoks=\toks19
\@floatcapt=\box27
)
(/usr/share/texlive/texmf-dist/tex/latex/caption/caption.sty
Package: caption 2016/02/21 v3.3-144 Customizing captions (AR)

(/usr/share/texlive/texmf-dist/tex/latex/caption/caption3.sty
Package: caption3 2016/02/04 v1.7-139 caption3 kernel (AR)
Package caption3 Info: TeX engine: e-TeX on input line 67.
\captionmargin=\dimen115
\captionmargin@=\dimen116
\captionwidth=\dimen117
\caption@tempdima=\dimen118
\caption@indent=\dimen119
\caption@parindent=\dimen120
\caption@hangindent=\dimen121
)
\c@ContinuedFloat=\count96
Package caption Info: float package is loaded.
)
(/usr/share/texlive/texmf-dist/tex/latex/caption/subcaption.sty
Package: subcaption 2016/02/20 v1.1-142 Sub-captions (AR)
\c@subfigure=\count97
\c@subtable=\count98
)
(/usr/share/texlive/texmf-dist/tex/latex/amsmath/amsmath.sty
Package: amsmath 2016/03/03 v2.15a AMS math features
\@mathmargin=\skip46

For additional information on amsmath, use the `?' option.
(/usr/share/texlive/texmf-dist/tex/latex/amsmath/amstext.sty
Package: amstext 2000/06/29 v2.01 AMS text

(/usr/share/texlive/texmf-dist/tex/latex/amsmath/amsgen.sty
File: amsgen.sty 1999/11/30 v2.0 generic functions
\@emptytoks=\toks20
\ex@=\dimen122
))
(/usr/share/texlive/texmf-dist/tex/latex/amsmath/amsbsy.sty
Package: amsbsy 1999/11/29 v1.2d Bold Symbols
\pmbraise@=\dimen123
)
(/usr/share/texlive/texmf-dist/tex/latex/amsmath/amsopn.sty
Package: amsopn 1999/12/14 v2.01 operator names
)
\inf@bad=\count99
LaTeX Info: Redefining \frac on input line 199.
\uproot@=\count100
\leftroot@=\count101
LaTeX Info: Redefining \overline on input line 297.
\classnum@=\count102
\DOTSCASE@=\count103
LaTeX Info: Redefining \ldots on input line 394.
LaTeX Info: Redefining \dots on input line 397.
LaTeX Info: Redefining \cdots on input line 518.
\Mathstrutbox@=\box28
\strutbox@=\box29
\big@size=\dimen124
LaTeX Font Info:    Redeclaring font encoding OML on input line 630.
LaTeX Font Info:    Redeclaring font encoding OMS on input line 631.
\macc@depth=\count104
\c@MaxMatrixCols=\count105
\dotsspace@=\muskip10
\c@parentequation=\count106
\dspbrk@lvl=\count107
\tag@help=\toks21
\row@=\count108
\column@=\count109
\maxfields@=\count110
\andhelp@=\toks22
\eqnshift@=\dimen125
\alignsep@=\dimen126
\tagshift@=\dimen127
\tagwidth@=\dimen128
\totwidth@=\dimen129
\lineht@=\dimen130
\@envbody=\toks23
\multlinegap=\skip47
\multlinetaggap=\skip48
\mathdisplay@stack=\toks24
LaTeX Info: Redefining \[ on input line 2735.
LaTeX Info: Redefining \] on input line 2736.
)
(/usr/share/texlive/texmf-dist/tex/latex/enumitem/enumitem.sty
Package: enumitem 2011/09/28 v3.5.2 Customized lists
\labelindent=\skip49
\enit@outerparindent=\dimen131
\enit@toks=\toks25
\enit@inbox=\box30
\enitdp@description=\count111
)
\enitdp@abbrv=\count112
 (./Draft.aux)
\openout1 = `Draft.aux'.

LaTeX Font Info:    Checking defaults for OML/cmm/m/it on input line 42.
LaTeX Font Info:    ... okay on input line 42.
LaTeX Font Info:    Checking defaults for T1/cmr/m/n on input line 42.
LaTeX Font Info:    ... okay on input line 42.
LaTeX Font Info:    Checking defaults for OT1/cmr/m/n on input line 42.
LaTeX Font Info:    ... okay on input line 42.
LaTeX Font Info:    Checking defaults for OMS/cmsy/m/n on input line 42.
LaTeX Font Info:    ... okay on input line 42.
LaTeX Font Info:    Checking defaults for OMX/cmex/m/n on input line 42.
LaTeX Font Info:    ... okay on input line 42.
LaTeX Font Info:    Checking defaults for U/cmr/m/n on input line 42.
LaTeX Font Info:    ... okay on input line 42.
LaTeX Font Info:    Try loading font information for OT1+ptm on input line 42.

(/usr/share/texlive/texmf-dist/tex/latex/psnfss/ot1ptm.fd
File: ot1ptm.fd 2001/06/04 font definitions for OT1/ptm.
)
*geometry* driver: auto-detecting
*geometry* detected driver: pdftex
*geometry* verbose mode - [ preamble ] result:
* driver: pdftex
* paper: <default>
* layout: <same size as paper>
* layoutoffset:(h,v)=(0.0pt,0.0pt)
* modes: twoside 
* h-part:(L,W,R)=(73.71613pt, 430.00462pt, 110.57425pt)
* v-part:(T,H,B)=(95.39737pt, 556.47656pt, 143.09605pt)
* \paperwidth=597.50787pt
* \paperheight=845.04684pt
* \textwidth=426.79135pt
* \textheight=612.45653pt
* \oddsidemargin=13.08827pt
* \evensidemargin=0.0pt
* \topmargin=13.08827pt
* \headheight=12.0pt
* \headsep=19.8738pt
* \topskip=12.0pt
* \footskip=30.0pt
* \marginparwidth=98.0pt
* \marginparsep=7.0pt
* \columnsep=10.0pt
* \skip\footins=10.8pt plus 4.0pt minus 2.0pt
* \hoffset=0.0pt
* \voffset=0.0pt
* \mag=1000
* \@twocolumnfalse
* \@twosidetrue
* \@mparswitchtrue
* \@reversemarginfalse
* (1in=72.27pt=25.4mm, 1cm=28.453pt)

(/usr/share/texlive/texmf-dist/tex/context/base/supp-pdf.mkii
[Loading MPS to PDF converter (version 2006.09.02).]
\scratchcounter=\count113
\scratchdimen=\dimen132
\scratchbox=\box31
\nofMPsegments=\count114
\nofMParguments=\count115
\everyMPshowfont=\toks26
\MPscratchCnt=\count116
\MPscratchDim=\dimen133
\MPnumerator=\count117
\makeMPintoPDFobject=\count118
\everyMPtoPDFconversion=\toks27
) (/usr/share/texlive/texmf-dist/tex/generic/oberdiek/pdftexcmds.sty
Package: pdftexcmds 2011/11/29 v0.20 Utility functions of pdfTeX for LuaTeX (HO
)

(/usr/share/texlive/texmf-dist/tex/generic/oberdiek/ifluatex.sty
Package: ifluatex 2010/03/01 v1.3 Provides the ifluatex switch (HO)
Package ifluatex Info: LuaTeX not detected.
)
Package pdftexcmds Info: LuaTeX not detected.
Package pdftexcmds Info: \pdf@primitive is available.
Package pdftexcmds Info: \pdf@ifprimitive is available.
Package pdftexcmds Info: \pdfdraftmode found.
)
(/usr/share/texlive/texmf-dist/tex/latex/oberdiek/epstopdf-base.sty
Package: epstopdf-base 2010/02/09 v2.5 Base part for package epstopdf

(/usr/share/texlive/texmf-dist/tex/latex/oberdiek/grfext.sty
Package: grfext 2010/08/19 v1.1 Manage graphics extensions (HO)

(/usr/share/texlive/texmf-dist/tex/generic/oberdiek/kvdefinekeys.sty
Package: kvdefinekeys 2011/04/07 v1.3 Define keys (HO)
))
(/usr/share/texlive/texmf-dist/tex/latex/oberdiek/kvoptions.sty
Package: kvoptions 2011/06/30 v3.11 Key value format for package options (HO)

(/usr/share/texlive/texmf-dist/tex/generic/oberdiek/kvsetkeys.sty
Package: kvsetkeys 2012/04/25 v1.16 Key value parser (HO)

(/usr/share/texlive/texmf-dist/tex/generic/oberdiek/etexcmds.sty
Package: etexcmds 2011/02/16 v1.5 Avoid name clashes with e-TeX commands (HO)
Package etexcmds Info: Could not find \expanded.
(etexcmds)             That can mean that you are not using pdfTeX 1.50 or
(etexcmds)             that some package has redefined \expanded.
(etexcmds)             In the latter case, load this package earlier.
)))
Package grfext Info: Graphics extension search list:
(grfext)             [.png,.pdf,.jpg,.mps,.jpeg,.jbig2,.jb2,.PNG,.PDF,.JPG,.JPE
G,.JBIG2,.JB2,.eps]
(grfext)             \AppendGraphicsExtensions on input line 452.

(/usr/share/texlive/texmf-dist/tex/latex/latexconfig/epstopdf-sys.cfg
File: epstopdf-sys.cfg 2010/07/13 v1.3 Configuration of (r)epstopdf for TeX Liv
e
))
Package caption Info: Begin \AtBeginDocument code.
Package caption Info: End \AtBeginDocument code.

[1



{/var/lib/texmf/fonts/map/pdftex/updmap/pdftex.map}] [2

]
LaTeX Font Info:    Try loading font information for OMS+ptm on input line 48.

(/usr/share/texlive/texmf-dist/tex/latex/psnfss/omsptm.fd
File: omsptm.fd 
)
LaTeX Font Info:    Font shape `OMS/ptm/m/n' in size <17.28> not available
(Font)              Font shape `OMS/cmsy/m/n' tried instead on input line 48.
 [3] [4

]
LaTeX Font Info:    Font shape `OT1/ptm/bx/n' in size <24.88> not available
(Font)              Font shape `OT1/ptm/b/n' tried instead on input line 51.
 [5

] [6

]
(./Draft.toc
LaTeX Font Info:    Font shape `OT1/ptm/bx/n' in size <12> not available
(Font)              Font shape `OT1/ptm/b/n' tried instead on input line 1.
LaTeX Font Info:    Try loading font information for OT1+ztmcm on input line 9.

 (/usr/share/texlive/texmf-dist/tex/latex/psnfss/ot1ztmcm.fd
File: ot1ztmcm.fd 2000/01/03 Fontinst v1.801 font definitions for OT1/ztmcm.
)
LaTeX Font Info:    Try loading font information for OML+ztmcm on input line 9.


(/usr/share/texlive/texmf-dist/tex/latex/psnfss/omlztmcm.fd
File: omlztmcm.fd 2000/01/03 Fontinst v1.801 font definitions for OML/ztmcm.
)
LaTeX Font Info:    Try loading font information for OMS+ztmcm on input line 9.


(/usr/share/texlive/texmf-dist/tex/latex/psnfss/omsztmcm.fd
File: omsztmcm.fd 2000/01/03 Fontinst v1.801 font definitions for OMS/ztmcm.
)
LaTeX Font Info:    Try loading font information for OMX+ztmcm on input line 9.


(/usr/share/texlive/texmf-dist/tex/latex/psnfss/omxztmcm.fd
File: omxztmcm.fd 2000/01/03 Fontinst v1.801 font definitions for OMX/ztmcm.
)
LaTeX Font Info:    Font shape `OT1/ptm/bx/n' in size <9> not available
(Font)              Font shape `OT1/ptm/b/n' tried instead on input line 9.
LaTeX Font Info:    Font shape `OT1/ptm/bx/n' in size <7> not available
(Font)              Font shape `OT1/ptm/b/n' tried instead on input line 9.
 [7

])
\tf@toc=\write3
\openout3 = `Draft.toc'.

 [8]
(./Draft.lof [9


])
\tf@lof=\write4
\openout4 = `Draft.lof'.

 [10] (./Draft.lot)
\tf@lot=\write5
\openout5 = `Draft.lot'.

 [11


] [12

] [13

] [14

]
Chapter 1.
[1


]
LaTeX Font Info:    Font shape `OT1/ptm/bx/n' in size <17.28> not available
(Font)              Font shape `OT1/ptm/b/n' tried instead on input line 120.
 [2] [3] [4]
Chapter 2.
LaTeX Font Info:    Font shape `OMS/ptm/m/n' in size <12> not available
(Font)              Font shape `OMS/cmsy/m/n' tried instead on input line 134.
[5

]
LaTeX Font Info:    Font shape `OT1/ptm/bx/n' in size <14.4> not available
(Font)              Font shape `OT1/ptm/b/n' tried instead on input line 153.
 [6] <Resources/Images/d2q9.png, id=73, 361.35pt x 352.31625pt>
File: Resources/Images/d2q9.png Graphic file (type png)

<use Resources/Images/d2q9.png>
Package pdftex.def Info: Resources/Images/d2q9.png used on input line 168.
(pdftex.def)             Requested size: 128.0387pt x 124.83928pt.
 [7]
<Resources/Images/d3q19.png, id=77, 677.53125pt x 557.83406pt>
File: Resources/Images/d3q19.png Graphic file (type png)

<use Resources/Images/d3q19.png>
Package pdftex.def Info: Resources/Images/d3q19.png used on input line 175.
(pdftex.def)             Requested size: 128.0387pt x 105.41927pt.
 [8 <./Resources/Images/d2q9.png (PNG copy)> <./Resources/Images/d3q19.png>] [9
]
<Resources/Images/moore120.png, id=86, 1284.8pt x 901.3675pt>
File: Resources/Images/moore120.png Graphic file (type png)

<use Resources/Images/moore120.png>
Package pdftex.def Info: Resources/Images/moore120.png used on input line 196.
(pdftex.def)             Requested size: 256.07741pt x 179.65138pt.
 [10 <./Resources/Images/moore120.png>]
<Resources/Images/amdahl.png, id=91, 468.24937pt x 379.4175pt>
File: Resources/Images/amdahl.png Graphic file (type png)

<use Resources/Images/amdahl.png>
Package pdftex.def Info: Resources/Images/amdahl.png used on input line 208.
(pdftex.def)             Requested size: 256.07741pt x 207.505pt.
 [11 <./Resources/Images/amdahl.png>] [12]
[13]
Overfull \hbox (0.68112pt too wide) in paragraph at lines 231--231
\OT1/ptm/m/n/12 shared mem-ory to com-pute the so-lu-tion. How-ever, the au-tho
r ver-i-fied that a lo-cal memory-
 []

[14] [15]
Chapter 3.
[16

] [17]
<Resources/Images/streaming.png, id=117, 2434.09375pt x 1193.45876pt>
File: Resources/Images/streaming.png Graphic file (type png)

<use Resources/Images/streaming.png>
Package pdftex.def Info: Resources/Images/streaming.png used on input line 261.

(pdftex.def)             Requested size: 341.43437pt x 167.39267pt.
 [18 <./Resources/Images/streaming.png>]
[19] [20] [21] [22] [23]
<Resources/Images/threadmapping.png, id=140, 574.145pt x 679.53876pt>
File: Resources/Images/threadmapping.png Graphic file (type png)

<use Resources/Images/threadmapping.png>
Package pdftex.def Info: Resources/Images/threadmapping.png used on input line 
361.
(pdftex.def)             Requested size: 256.07741pt x 303.0937pt.
 [24]
<Resources/Images/cudaMemory.png, id=144, 423.08063pt x 411.78844pt>
File: Resources/Images/cudaMemory.png Graphic file (type png)

<use Resources/Images/cudaMemory.png>
Package pdftex.def Info: Resources/Images/cudaMemory.png used on input line 372
.
(pdftex.def)             Requested size: 341.43437pt x 332.3341pt.
 [25 <./Resources/Images/threadmapping.png>] [26 <./Resources/Images/cudaMemory
.png>] [27] [28] [29]
Chapter 4.
[30

] <Resources/Images/CodeFlowchart.png, id=165, 289.08pt x 595.47469pt>
File: Resources/Images/CodeFlowchart.png Graphic file (type png)

<use Resources/Images/CodeFlowchart.png>
Package pdftex.def Info: Resources/Images/CodeFlowchart.png used on input line 
407.
(pdftex.def)             Requested size: 213.39568pt x 439.57219pt.
 [31 <./Resources/Images/CodeFlowchart.png>] <Resources/Images/flat2d.png, id=1
69, 265.99374pt x 62.2325pt>
File: Resources/Images/flat2d.png Graphic file (type png)

<use Resources/Images/flat2d.png>
Package pdftex.def Info: Resources/Images/flat2d.png used on input line 420.
(pdftex.def)             Requested size: 256.07741pt x 59.91724pt.
 [32 <./Resources/Images/flat2d.png>]

pdfTeX warning: /usr/bin/pdflatex (file ./Resources/Images/compareTimes.pdf): P
DF inclusion: found PDF version <1.7>, but at most version <1.5> allowed
<Resources/Images/compareTimes.pdf, id=174, 845.07718pt x 597.55246pt>
File: Resources/Images/compareTimes.pdf Graphic file (type pdf)

<use Resources/Images/compareTimes.pdf>
Package pdftex.def Info: Resources/Images/compareTimes.pdf used on input line 4
35.
(pdftex.def)             Requested size: 384.1096pt x 271.60414pt.
 [33 <./Resources/Images/compareTimes.pdf>]

pdfTeX warning: /usr/bin/pdflatex (file ./Resources/Images/initialProfiling.pdf
): PDF inclusion: found PDF version <1.7>, but at most version <1.5> allowed
<Resources/Images/initialProfiling.pdf, id=187, 845.07718pt x 597.55246pt>
File: Resources/Images/initialProfiling.pdf Graphic file (type pdf)

<use Resources/Images/initialProfiling.pdf>
Package pdftex.def Info: Resources/Images/initialProfiling.pdf used on input li
ne 445.
(pdftex.def)             Requested size: 384.1096pt x 271.60414pt.
 [34 <./Resources/Images/initialProfiling.pdf>]

pdfTeX warning: /usr/bin/pdflatex (file ./Resources/Images/timesThreads128.pdf)
: PDF inclusion: found PDF version <1.7>, but at most version <1.5> allowed
<Resources/Images/timesThreads128.pdf, id=199, 845.07718pt x 597.55246pt>
File: Resources/Images/timesThreads128.pdf Graphic file (type pdf)

<use Resources/Images/timesThreads128.pdf>
Package pdftex.def Info: Resources/Images/timesThreads128.pdf used on input lin
e 456.
(pdftex.def)             Requested size: 209.1301pt x 147.87418pt.


pdfTeX warning: /usr/bin/pdflatex (file ./Resources/Images/timesThreads256.pdf)
: PDF inclusion: found PDF version <1.7>, but at most version <1.5> allowed
<Resources/Images/timesThreads256.pdf, id=200, 845.07718pt x 597.55246pt>
File: Resources/Images/timesThreads256.pdf Graphic file (type pdf)

<use Resources/Images/timesThreads256.pdf>
Package pdftex.def Info: Resources/Images/timesThreads256.pdf used on input lin
e 460.
(pdftex.def)             Requested size: 209.1301pt x 147.87418pt.
 [35 <./Resources/Images/timesThreads128.pdf> <./Resources/Images/timesThreads2
56.pdf

pdfTeX warning: /usr/bin/pdflatex (file ./Resources/Images/timesThreads256.pdf)
: PDF inclusion: multiple pdfs with page group included in a single page
>] [36] <Resources/Images/setup.png, id=223, 593.21625pt x 415.5525pt>
File: Resources/Images/setup.png Graphic file (type png)

<use Resources/Images/setup.png>
Package pdftex.def Info: Resources/Images/setup.png used on input line 482.
(pdftex.def)             Requested size: 384.1096pt x 269.0787pt.

<Resources/Images/setupCG.png, id=224, 597.23125pt x 329.23pt>
File: Resources/Images/setupCG.png Graphic file (type png)

<use Resources/Images/setupCG.png>
Package pdftex.def Info: Resources/Images/setupCG.png used on input line 489.
(pdftex.def)             Requested size: 384.1096pt x 211.74637pt.
 [37 <./Resources/Images/setup.png>] [38 <./Resources/Images/setupCG.png>] [39]
 [40] [41]
<Resources/Images/steadyBubble.png, id=243, 720.6925pt x 608.2725pt>
File: Resources/Images/steadyBubble.png Graphic file (type png)

<use Resources/Images/steadyBubble.png>
Package pdftex.def Info: Resources/Images/steadyBubble.png used on input line 5
28.
(pdftex.def)             Requested size: 209.1301pt x 176.50589pt.

<Resources/Images/steadyBubble3d.png, id=244, 720.6925pt x 608.2725pt>
File: Resources/Images/steadyBubble3d.png Graphic file (type png)

<use Resources/Images/steadyBubble3d.png>
Package pdftex.def Info: Resources/Images/steadyBubble3d.png used on input line
 532.
(pdftex.def)             Requested size: 209.1301pt x 176.50589pt.
 [42]
<Resources/Images/square.png, id=248, 720.6925pt x 608.2725pt>
File: Resources/Images/square.png Graphic file (type png)

<use Resources/Images/square.png>
Package pdftex.def Info: Resources/Images/square.png used on input line 543.
(pdftex.def)             Requested size: 209.1301pt x 176.50589pt.

<Resources/Images/square3D.png, id=249, 720.6925pt x 608.2725pt>
File: Resources/Images/square3D.png Graphic file (type png)

<use Resources/Images/square3D.png>
Package pdftex.def Info: Resources/Images/square3D.png used on input line 547.
(pdftex.def)             Requested size: 209.1301pt x 176.50589pt.
 [43 <./Resources/Images/steadyBubble.png> <./Resources/Images/steadyBubble3d.p
ng>]
<Resources/Images/coal.png, id=255, 720.6925pt x 608.2725pt>
File: Resources/Images/coal.png Graphic file (type png)

<use Resources/Images/coal.png>
Package pdftex.def Info: Resources/Images/coal.png used on input line 559.
(pdftex.def)             Requested size: 209.1301pt x 176.50589pt.

<Resources/Images/coal3d.png, id=256, 720.6925pt x 608.2725pt>
File: Resources/Images/coal3d.png Graphic file (type png)

<use Resources/Images/coal3d.png>
Package pdftex.def Info: Resources/Images/coal3d.png used on input line 563.
(pdftex.def)             Requested size: 209.1301pt x 176.50589pt.
 [44 <./Resources/Images/square.png> <./Resources/Images/square3D.png>]
<Resources/Images/oscil.png, id=262, 720.6925pt x 608.2725pt>
File: Resources/Images/oscil.png Graphic file (type png)

<use Resources/Images/oscil.png>
Package pdftex.def Info: Resources/Images/oscil.png used on input line 574.
(pdftex.def)             Requested size: 384.1096pt x 324.19278pt.
 [45 <./Resources/Images/coal.png> <./Resources/Images/coal3d.png>]
<Resources/Images/couette.png, id=268, 720.6925pt x 608.2725pt>
File: Resources/Images/couette.png Graphic file (type png)

<use Resources/Images/couette.png>
Package pdftex.def Info: Resources/Images/couette.png used on input line 585.
(pdftex.def)             Requested size: 209.1301pt x 176.50589pt.

<Resources/Images/couette3D.png, id=269, 720.6925pt x 608.2725pt>
File: Resources/Images/couette3D.png Graphic file (type png)

<use Resources/Images/couette3D.png>
Package pdftex.def Info: Resources/Images/couette3D.png used on input line 589.

(pdftex.def)             Requested size: 209.1301pt x 176.50589pt.
 [46 <./Resources/Images/oscil.png>]
<Resources/Images/rt.png, id=274, 497.86pt x 793.96625pt>
File: Resources/Images/rt.png Graphic file (type png)

<use Resources/Images/rt.png>
Package pdftex.def Info: Resources/Images/rt.png used on input line 600.
(pdftex.def)             Requested size: 213.39568pt x 340.3206pt.
 [47 <./Resources/Images/couette.png> <./Resources/Images/couette3D.png>] [48 <
./Resources/Images/rt.png>] [49] [50] [51]
[52] <Resources/Images/v1.png, id=297, 455.45157pt x 255.95625pt>
File: Resources/Images/v1.png Graphic file (type png)

<use Resources/Images/v1.png>
Package pdftex.def Info: Resources/Images/v1.png used on input line 697.
(pdftex.def)             Requested size: 426.79135pt x 239.85294pt.
 [53 <./Resources/Images/v1.png (PNG copy)>]
<Resources/Images/v1profile.png, id=302, 455.45157pt x 255.95625pt>
File: Resources/Images/v1profile.png Graphic file (type png)

<use Resources/Images/v1profile.png>
Package pdftex.def Info: Resources/Images/v1profile.png used on input line 709.

(pdftex.def)             Requested size: 426.79135pt x 239.85294pt.
 [54 <./Resources/Images/v1profile.png (PNG copy)>] <Resources/Images/v2.png, i
d=306, 566.115pt x 299.61937pt>
File: Resources/Images/v2.png Graphic file (type png)

<use Resources/Images/v2.png>
Package pdftex.def Info: Resources/Images/v2.png used on input line 722.
(pdftex.def)             Requested size: 426.79135pt x 225.88893pt.
 [55]
<Resources/Images/v21.png, id=310, 566.115pt x 299.61937pt>
File: Resources/Images/v21.png Graphic file (type png)

<use Resources/Images/v21.png>
Package pdftex.def Info: Resources/Images/v21.png used on input line 735.
(pdftex.def)             Requested size: 426.79135pt x 225.88893pt.
 [56 <./Resources/Images/v2.png (PNG copy)>]
<Resources/Images/v22.png, id=314, 549.55313pt x 316.93407pt>
File: Resources/Images/v22.png Graphic file (type png)

<use Resources/Images/v22.png>
Package pdftex.def Info: Resources/Images/v22.png used on input line 747.
(pdftex.def)             Requested size: 426.79135pt x 246.14365pt.
 [57 <./Resources/Images/v21.png (PNG copy)>]
<Resources/Images/unrollcode.png, id=318, 1898.09125pt x 932.48375pt>
File: Resources/Images/unrollcode.png Graphic file (type png)

<use Resources/Images/unrollcode.png>
Package pdftex.def Info: Resources/Images/unrollcode.png used on input line 757
.
(pdftex.def)             Requested size: 469.47308pt x 230.63037pt.

Overfull \hbox (42.68173pt too wide) in paragraph at lines 757--758
 [][] 
 []

[58 <./Resources/Images/v22.png (PNG copy)>]
<Resources/Images/vfv.png, id=322, 533.74406pt x 299.61937pt>
File: Resources/Images/vfv.png Graphic file (type png)

<use Resources/Images/vfv.png>
Package pdftex.def Info: Resources/Images/vfv.png used on input line 768.
(pdftex.def)             Requested size: 426.79135pt x 239.59067pt.
 [59 <./Resources/Images/unrollcode.png>]
<Resources/Images/vfvprofile.png, id=328, 455.45157pt x 255.95625pt>
File: Resources/Images/vfvprofile.png Graphic file (type png)

<use Resources/Images/vfvprofile.png>
Package pdftex.def Info: Resources/Images/vfvprofile.png used on input line 777
.
(pdftex.def)             Requested size: 426.79135pt x 239.85294pt.
 [60 <./Resources/Images/vfv.png (PNG copy)>] <Resources/Images/highlap.png, id
=332, 529.98pt x 278.54062pt>
File: Resources/Images/highlap.png Graphic file (type png)

<use Resources/Images/highlap.png>
Package pdftex.def Info: Resources/Images/highlap.png used on input line 790.
(pdftex.def)             Requested size: 426.79135pt x 224.31186pt.
 [61 <./Resources/Images/vfvprofile.png (PNG copy)>] <Resources/Images/cc.png, 
id=336, 542.77782pt x 314.67563pt>
File: Resources/Images/cc.png Graphic file (type png)

<use Resources/Images/cc.png>
Package pdftex.def Info: Resources/Images/cc.png used on input line 803.
(pdftex.def)             Requested size: 426.79135pt x 247.44344pt.
 [62 <./Resources/Images/highlap.png (PNG copy)>]
[63 <./Resources/Images/cc.png (PNG copy)>]
<Resources/Images/v13d.png, id=343, 455.45157pt x 255.95625pt>
File: Resources/Images/v13d.png Graphic file (type png)

<use Resources/Images/v13d.png>
Package pdftex.def Info: Resources/Images/v13d.png used on input line 817.
(pdftex.def)             Requested size: 426.79135pt x 239.85294pt.

<Resources/Images/v13dprofile.png, id=344, 455.45157pt x 255.95625pt>
File: Resources/Images/v13dprofile.png Graphic file (type png)

<use Resources/Images/v13dprofile.png>
Package pdftex.def Info: Resources/Images/v13dprofile.png used on input line 82
7.
(pdftex.def)             Requested size: 426.79135pt x 239.85294pt.
 [64 <./Resources/Images/v13d.png (PNG copy)>] <Resources/Images/vfv3d.png, id=
348, 561.59813pt x 342.5297pt>
File: Resources/Images/vfv3d.png Graphic file (type png)

<use Resources/Images/vfv3d.png>
Package pdftex.def Info: Resources/Images/vfv3d.png used on input line 839.
(pdftex.def)             Requested size: 426.79135pt x 260.30959pt.
 [65 <./Resources/Images/v13dprofile.png (PNG copy)>] <Resources/Images/vfv3dpr
ofile.png, id=353, 455.45157pt x 255.95625pt>
File: Resources/Images/vfv3dprofile.png Graphic file (type png)

<use Resources/Images/vfv3dprofile.png>
Package pdftex.def Info: Resources/Images/vfv3dprofile.png used on input line 8
48.
(pdftex.def)             Requested size: 426.79135pt x 239.85294pt.
 [66 <./Resources/Images/vfv3d.png (PNG copy)>] <Resources/Images/highgrid.png,
 id=357, 529.98pt x 278.54062pt>
File: Resources/Images/highgrid.png Graphic file (type png)

<use Resources/Images/highgrid.png>
Package pdftex.def Info: Resources/Images/highgrid.png used on input line 860.
(pdftex.def)             Requested size: 426.79135pt x 224.31186pt.
 [67 <./Resources/Images/vfv3dprofile.png (PNG copy)>] <Resources/Images/cc3d.p
ng, id=361, 565.36218pt x 323.70938pt>
File: Resources/Images/cc3d.png Graphic file (type png)

<use Resources/Images/cc3d.png>
Package pdftex.def Info: Resources/Images/cc3d.png used on input line 873.
(pdftex.def)             Requested size: 426.79135pt x 244.37192pt.
 [68 <./Resources/Images/highgrid.png (PNG copy)>] [69 <./Resources/Images/cc3d
.png (PNG copy)>]
<Resources/Images/serialDelta.png, id=368, 455.45157pt x 255.95625pt>
File: Resources/Images/serialDelta.png Graphic file (type png)

<use Resources/Images/serialDelta.png>
Package pdftex.def Info: Resources/Images/serialDelta.png used on input line 88
9.
(pdftex.def)             Requested size: 426.79135pt x 239.85294pt.
 [70]
<Resources/Images/serialDelta3D.png, id=372, 447.92343pt x 255.95625pt>
File: Resources/Images/serialDelta3D.png Graphic file (type png)

<use Resources/Images/serialDelta3D.png>
Package pdftex.def Info: Resources/Images/serialDelta3D.png used on input line 
898.
(pdftex.def)             Requested size: 341.43437pt x 195.11069pt.
 [71 <./Resources/Images/serialDelta.png (PNG copy)> <./Resources/Images/serial
Delta3D.png (PNG copy)>]
<Resources/Images/2dv3d.png, id=377, 599.23875pt x 315.42844pt>
File: Resources/Images/2dv3d.png Graphic file (type png)

<use Resources/Images/2dv3d.png>
Package pdftex.def Info: Resources/Images/2dv3d.png used on input line 910.
(pdftex.def)             Requested size: 426.79135pt x 224.65845pt.
 [72 <./Resources/Images/2dv3d.png (PNG copy)>] [73]
Chapter 5.
[74

] [75] (./Draft.bbl [76] [77

] [78] [79] [80]) [81]
Appendix A.
<Resources/Images/highComp.png, id=410, 953.81343pt x 528.47438pt>
File: Resources/Images/highComp.png Graphic file (type png)

<use Resources/Images/highComp.png>
Package pdftex.def Info: Resources/Images/highComp.png used on input line 933.
(pdftex.def)             Requested size: 426.79135pt x 236.47267pt.

<Resources/Images/v13d64.png, id=411, 455.45157pt x 255.95625pt>
File: Resources/Images/v13d64.png Graphic file (type png)

<use Resources/Images/v13d64.png>
Package pdftex.def Info: Resources/Images/v13d64.png used on input line 939.
(pdftex.def)             Requested size: 426.79135pt x 239.85294pt.

<Resources/Images/vfv3d64.png, id=412, 455.45157pt x 255.95625pt>
File: Resources/Images/vfv3d64.png Graphic file (type png)

<use Resources/Images/vfv3d64.png>
Package pdftex.def Info: Resources/Images/vfv3d64.png used on input line 945.
(pdftex.def)             Requested size: 426.79135pt x 239.85294pt.
 [82

 <./Resources/Images/highComp.png (PNG copy)>] <Resources/Images/cc3d64.png, id
=416, 455.45157pt x 255.95625pt>
File: Resources/Images/cc3d64.png Graphic file (type png)

<use Resources/Images/cc3d64.png>
Package pdftex.def Info: Resources/Images/cc3d64.png used on input line 951.
(pdftex.def)             Requested size: 426.79135pt x 239.85294pt.
 [83 <./Resources/Images/v13d64.png (PNG copy)> <./Resources/Images/vfv3d64.png
 (PNG copy)>]
<Resources/Images/high64.png, id=421, 455.45157pt x 255.95625pt>
File: Resources/Images/high64.png Graphic file (type png)

<use Resources/Images/high64.png>
Package pdftex.def Info: Resources/Images/high64.png used on input line 958.
(pdftex.def)             Requested size: 426.79135pt x 239.85294pt.
 [84 <./Resources/Images/cc3d64.png (PNG copy)> <./Resources/Images/high64.png 
(PNG copy)>]
Appendix B.
<Resources/Images/AntonioValid/prevValid1.png, id=425, 843.15pt x 690.58pt>
File: Resources/Images/AntonioValid/prevValid1.png Graphic file (type png)

<use Resources/Images/AntonioValid/prevValid1.png>
Package pdftex.def Info: Resources/Images/AntonioValid/prevValid1.png used on i
nput line 966.
(pdftex.def)             Requested size: 426.79135pt x 349.56732pt.

<Resources/Images/AntonioValid/prevValid2.png, id=426, 841.1425pt x 692.5875pt>
File: Resources/Images/AntonioValid/prevValid2.png Graphic file (type png)
<use Resources/Images/AntonioValid/prevValid2.png>
Package pdftex.def Info: Resources/Images/AntonioValid/prevValid2.png used on i
nput line 972.
(pdftex.def)             Requested size: 426.79135pt x 351.41838pt.
 [85

]
Overfull \vbox (42.9825pt too high) has occurred while \output is active []


[86 <./Resources/Images/AntonioValid/prevValid1.png>]
<Resources/Images/AntonioValid/SteadyBubble.PNG, id=434, 979.86075pt x 508.299p
t>
File: Resources/Images/AntonioValid/SteadyBubble.PNG Graphic file (type png)
 <use Resources/Images/AntonioValid/SteadyBubble.PNG>
Package pdftex.def Info: Resources/Images/AntonioValid/SteadyBubble.PNG used on
 input line 980.
(pdftex.def)             Requested size: 426.79135pt x 221.39525pt.
 [87 <./Resources/Images/AntonioValid/prevValid2.png>]
<Resources/Images/AntonioValid/SteadyBubble3D.PNG, id=439, 1017.8025pt x 448.67
625pt>
File: Resources/Images/AntonioValid/SteadyBubble3D.PNG Graphic file (type png)
 <use Resources/Images/AntonioValid/SteadyBubble3D.PNG>
Package pdftex.def Info: Resources/Images/AntonioValid/SteadyBubble3D.PNG used 
on input line 987.
(pdftex.def)             Requested size: 426.79135pt x 188.1415pt.

<Resources/Images/AntonioValid/DeformingBubble.PNG, id=440, 308.352pt x 499.265
24pt>
File: Resources/Images/AntonioValid/DeformingBubble.PNG Graphic file (type png)

 <use Resources/Images/AntonioValid/DeformingBubble.PNG>
Package pdftex.def Info: Resources/Images/AntonioValid/DeformingBubble.PNG used
 on input line 994.
(pdftex.def)             Requested size: 426.79135pt x 691.0513pt.
 [88 <./Resources/Images/AntonioValid/SteadyBubble.PNG> <./Resources/Images/Ant
onioValid/SteadyBubble3D.PNG>]
Overfull \vbox (103.09476pt too high) has occurred while \output is active []


[89 <./Resources/Images/AntonioValid/DeformingBubble.PNG>]
<Resources/Images/AntonioValid/DeformingBubble3D.PNG, id=451, 455.90324pt x 426
.99525pt>
File: Resources/Images/AntonioValid/DeformingBubble3D.PNG Graphic file (type pn
g)
 <use Resources/Images/AntonioValid/DeformingBubble3D.PNG>
Package pdftex.def Info: Resources/Images/AntonioValid/DeformingBubble3D.PNG us
ed on input line 1001.
(pdftex.def)             Requested size: 426.79135pt x 399.74675pt.

<Resources/Images/AntonioValid/Coalescence2D.PNG, id=452, 308.352pt x 502.2765p
t>
File: Resources/Images/AntonioValid/Coalescence2D.PNG Graphic file (type png)
 <use Resources/Images/AntonioValid/Coalescence2D.PNG>
Package pdftex.def Info: Resources/Images/AntonioValid/Coalescence2D.PNG used o
n input line 1008.
(pdftex.def)             Requested size: 426.79135pt x 695.21931pt.
 [90 <./Resources/Images/AntonioValid/DeformingBubble3D.PNG>]
Overfull \vbox (107.26277pt too high) has occurred while \output is active []


[91 <./Resources/Images/AntonioValid/Coalescence2D.PNG>]
<Resources/Images/AntonioValid/Coalescence3D.PNG, id=461, 456.5055pt x 431.211p
t>
File: Resources/Images/AntonioValid/Coalescence3D.PNG Graphic file (type png)
 <use Resources/Images/AntonioValid/Coalescence3D.PNG>
Package pdftex.def Info: Resources/Images/AntonioValid/Coalescence3D.PNG used o
n input line 1015.
(pdftex.def)             Requested size: 426.79135pt x 403.14076pt.

<Resources/Images/AntonioValid/OscillatingBubble.PNG, id=462, 314.3745pt x 507.
69675pt>
File: Resources/Images/AntonioValid/OscillatingBubble.PNG Graphic file (type pn
g)
 <use Resources/Images/AntonioValid/OscillatingBubble.PNG>
Package pdftex.def Info: Resources/Images/AntonioValid/OscillatingBubble.PNG us
ed on input line 1022.
(pdftex.def)             Requested size: 426.79135pt x 689.30417pt.
 [92 <./Resources/Images/AntonioValid/Coalescence3D.PNG>]
Overfull \vbox (101.34763pt too high) has occurred while \output is active []


[93 <./Resources/Images/AntonioValid/OscillatingBubble.PNG>]
<Resources/Images/AntonioValid/YOscillation.jpg, id=471, 1756.5625pt x 1317.923
75pt>
File: Resources/Images/AntonioValid/YOscillation.jpg Graphic file (type jpg)
 <use Resources/Images/AntonioValid/YOscillation.jpg>
Package pdftex.def Info: Resources/Images/AntonioValid/YOscillation.jpg used on
 input line 1029.
(pdftex.def)             Requested size: 341.43437pt x 256.15953pt.

<Resources/Images/AntonioValid/E_G1_K5.jpg, id=472, 1756.5625pt x 1317.92375pt>
File: Resources/Images/AntonioValid/E_G1_K5.jpg Graphic file (type jpg)
<use Resources/Images/AntonioValid/E_G1_K5.jpg>
Package pdftex.def Info: Resources/Images/AntonioValid/E_G1_K5.jpg used on inpu
t line 1036.
(pdftex.def)             Requested size: 341.43437pt x 256.15953pt.

<Resources/Images/AntonioValid/E_G1_K20.jpg, id=473, 1756.5625pt x 1317.92375pt
>
File: Resources/Images/AntonioValid/E_G1_K20.jpg Graphic file (type jpg)
 <use Resources/Images/AntonioValid/E_G1_K20.jpg>
Package pdftex.def Info: Resources/Images/AntonioValid/E_G1_K20.jpg used on inp
ut line 1043.
(pdftex.def)             Requested size: 426.79135pt x 320.20947pt.
 [94 <./Resources/Images/AntonioValid/YOscillation.jpg> <./Resources/Images/Ant
onioValid/E_G1_K5.jpg>]
<Resources/Images/AntonioValid/RTI_Re256.PNG, id=477, 643.203pt x 455.90324pt>
File: Resources/Images/AntonioValid/RTI_Re256.PNG Graphic file (type png)

<use Resources/Images/AntonioValid/RTI_Re256.PNG>
Package pdftex.def Info: Resources/Images/AntonioValid/RTI_Re256.PNG used on in
put line 1050.
(pdftex.def)             Requested size: 426.79135pt x 302.51097pt.
 [95 <./Resources/Images/AntonioValid/E_G1_K20.jpg>] [96 <./Resources/Images/An
tonioValid/RTI_Re256.PNG>]
(./Draft.aux) ) 
Here is how much of TeX's memory you used:
 5557 strings out of 494953
 84797 string characters out of 6180977
 151758 words of memory out of 5000000
 8650 multiletter control sequences out of 15000+600000
 35273 words of font info for 72 fonts, out of 8000000 for 9000
 14 hyphenation exceptions out of 8191
 38i,11n,39p,1745b,462s stack positions out of 5000i,500n,10000p,200000b,80000s
{/usr/share/texlive/texmf-dist/fonts/enc/dvips/base/8r.enc}</usr
/share/texlive/texmf-dist/fonts/type1/public/amsfonts/cm/cmex10.pfb></usr/share
/texlive/texmf-dist/fonts/type1/public/amsfonts/cm/cmmi10.pfb></usr/share/texli
ve/texmf-dist/fonts/type1/public/amsfonts/cm/cmr10.pfb></usr/share/texlive/texm
f-dist/fonts/type1/public/amsfonts/cm/cmsy10.pfb></usr/share/texlive/texmf-dist
/fonts/type1/urw/symbol/usyr.pfb></usr/share/texlive/texmf-dist/fonts/type1/urw
/symbol/usyr.pfb></usr/share/texlive/texmf-dist/fonts/type1/urw/times/utmb8a.pf
b></usr/share/texlive/texmf-dist/fonts/type1/urw/times/utmr8a.pfb></usr/share/t
exlive/texmf-dist/fonts/type1/urw/times/utmr8a.pfb></usr/share/texlive/texmf-di
st/fonts/type1/urw/times/utmri8a.pfb>
Output written on Draft.pdf (110 pages, 4370734 bytes).
PDF statistics:
 525 PDF objects out of 1000 (max. 8388607)
 304 compressed objects within 4 object streams
 0 named destinations out of 1000 (max. 500000)
 311 words of extra memory for PDF output out of 10000 (max. 10000000)

